11:47:53.864 [ERROR] [main] controller.Controller: Error while reading from console
java.io.IOException: Bad file descriptor
	at java.io.FileInputStream.readBytes(Native Method) ~[?:1.8.0_121]
	at java.io.FileInputStream.read(FileInputStream.java:255) ~[?:1.8.0_121]
	at java.io.BufferedInputStream.read1(BufferedInputStream.java:284) ~[?:1.8.0_121]
	at java.io.BufferedInputStream.read(BufferedInputStream.java:345) ~[?:1.8.0_121]
	at sun.nio.cs.StreamDecoder.readBytes(StreamDecoder.java:284) ~[?:1.8.0_121]
	at sun.nio.cs.StreamDecoder.implRead(StreamDecoder.java:326) ~[?:1.8.0_121]
	at sun.nio.cs.StreamDecoder.read(StreamDecoder.java:178) ~[?:1.8.0_121]
	at java.io.InputStreamReader.read(InputStreamReader.java:184) ~[?:1.8.0_121]
	at java.io.BufferedReader.fill(BufferedReader.java:161) ~[?:1.8.0_121]
	at java.io.BufferedReader.readLine(BufferedReader.java:324) ~[?:1.8.0_121]
	at java.io.BufferedReader.readLine(BufferedReader.java:389) ~[?:1.8.0_121]
	at com.epam.library.controller.Controller.read(Controller.java:28) [classes/:?]
	at com.epam.library.app.App.run(App.java:22) [classes/:?]
	at com.epam.library.app.App.main(App.java:13) [classes/:?]
20:12:06.088 [ERROR] [main] database.ConnectionManager: Error while getting database connection.java.sql.SQLSyntaxErrorException: Unknown database 'library'
20:13:59.382 [ERROR] [main] database.ConnectionManager: Error while getting database connection.java.sql.SQLSyntaxErrorException: Unknown database 'library'
20:14:32.024 [ERROR] [main] database.ConnectionManager: Error while getting database connection.java.sql.SQLSyntaxErrorException: Unknown database 'library'
20:17:05.925 [ERROR] [main] database.ConnectionManager: Error while getting database connection.java.sql.SQLSyntaxErrorException: Unknown database 'library'
20:18:43.359 [ERROR] [main] database.ConnectionManager: Error while getting database connection.java.sql.SQLSyntaxErrorException: Unknown database 'library'
20:20:14.784 [ERROR] [main] database.ConnectionManager: Error while getting database connection.java.sql.SQLSyntaxErrorException: Unknown database 'library'
23:49:22.665 [ERROR] [main] database.ConnectionManager: Error while getting database connection.java.sql.SQLSyntaxErrorException: Unknown database 'library'
23:54:05.701 [ERROR] [main] database.ConnectionManager: Error while getting database connection.java.sql.SQLException: The server time zone value '' is unrecognized or represents more than one time zone. You must configure either the server or JDBC driver (via the serverTimezone configuration property) to use a more specifc time zone value if you want to utilize time zone support.
23:56:35.439 [ERROR] [main] database.ConnectionManager: Error while getting database connection.java.sql.SQLException: The server time zone value '' is unrecognized or represents more than one time zone. You must configure either the server or JDBC driver (via the serverTimezone configuration property) to use a more specifc time zone value if you want to utilize time zone support.
